e:\c++test\1.helloworld\helloworld_1\helloworld_1\release\vc141.pdb
e:\c++test\1.helloworld\helloworld_1\helloworld_1\release\二元运算符operator.obj
e:\c++test\1.helloworld\helloworld_1\helloworld_1\release\[]operator.obj
e:\c++test\1.helloworld\helloworld_1\helloworld_1\release\this指针.obj
e:\c++test\1.helloworld\helloworld_1\helloworld_1\release\struct.obj
e:\c++test\1.helloworld\helloworld_1\helloworld_1\release\static.obj
e:\c++test\1.helloworld\helloworld_1\helloworld_1\release\protected.obj
e:\c++test\1.helloworld\helloworld_1\helloworld_1\release\pointer.obj
e:\c++test\1.helloworld\helloworld_1\helloworld_1\release\ostream.obj
e:\c++test\1.helloworld\helloworld_1\helloworld_1\release\opreator.obj
e:\c++test\1.helloworld\helloworld_1\helloworld_1\release\namespace.obj
e:\c++test\1.helloworld\helloworld_1\helloworld_1\release\main.obj
e:\c++test\1.helloworld\helloworld_1\helloworld_1\release\istream.obj
e:\c++test\1.helloworld\helloworld_1\helloworld_1\release\inline.obj
e:\c++test\1.helloworld\helloworld_1\helloworld_1\release\friend.obj
e:\c++test\1.helloworld\helloworld_1\helloworld_1\release\for.obj
e:\c++test\1.helloworld\helloworld_1\helloworld_1\release\first.obj
e:\c++test\1.helloworld\helloworld_1\helloworld_1\release\endl.obj
e:\c++test\1.helloworld\helloworld_1\helloworld_1\release\const.obj
e:\c++test\1.helloworld\helloworld_1\helloworld_1\release\class.obj
e:\c++test\1.helloworld\helloworld_1\helloworld_1\release\cin.obj
e:\c++test\1.helloworld\helloworld_1\helloworld_1\release\深拷贝.obj
e:\c++test\1.helloworld\helloworld_1\helloworld_1\release\析构函数.obj
e:\c++test\1.helloworld\helloworld_1\helloworld_1\release\构造函数.obj
e:\c++test\1.helloworld\helloworld_1\helloworld_1\release\有参数的构造函数继承调用.obj
e:\c++test\1.helloworld\helloworld_1\helloworld_1\release\数组和结构体初始化列表.obj
e:\c++test\1.helloworld\helloworld_1\helloworld_1\release\拷贝构造.obj
e:\c++test\1.helloworld\helloworld_1\helloworld_1\release\强制类型转换.obj
e:\c++test\1.helloworld\helloworld_1\helloworld_1\release\引用做参数.obj
e:\c++test\1.helloworld\helloworld_1\helloworld_1\release\引用与返回值.obj
e:\c++test\1.helloworld\helloworld_1\helloworld_1\release\引用.obj
e:\c++test\1.helloworld\helloworld_1\helloworld_1\release\异常.obj
e:\c++test\1.helloworld\helloworld_1\helloworld_1\release\带参数的构造函数.obj
e:\c++test\1.helloworld\helloworld_1\helloworld_1\release\参数默认值.obj
e:\c++test\1.helloworld\helloworld_1\helloworld_1\release\单例.obj
e:\c++test\1.helloworld\helloworld_1\helloworld_1\release\初始化列表.obj
e:\c++test\1.helloworld\helloworld_1\helloworld_1\release\函数重载.obj
e:\c++test\1.helloworld\helloworld_1\helloworld_1\release\函数模板.obj
e:\c++test\1.helloworld\helloworld_1\helloworld_1\release\内部类.obj
e:\c++test\1.helloworld\helloworld_1\helloworld_1\release\其他类型的引用.obj
e:\c++test\1.helloworld\helloworld_1\helloworld_1\release\交换两个变量的值.obj
e:\c++test\1.helloworld\helloworld_1\helloworld_1\release\连编.obj
e:\c++test\1.helloworld\helloworld_1\helloworld_1\release\赋值operator.obj
e:\c++test\1.helloworld\helloworld_1\helloworld_1\release\虚继承.obj
e:\c++test\1.helloworld\helloworld_1\helloworld_1\release\自加自减.obj
e:\c++test\1.helloworld\helloworld_1\helloworld_1\release\继承的限定词.obj
e:\c++test\1.helloworld\helloworld_1\helloworld_1\release\继承的构造函数调用顺序.obj
e:\c++test\1.helloworld\helloworld_1\helloworld_1\release\继承.obj
e:\c++test\1.helloworld\helloworld_1\helloworld_1\release\纯虚函数.obj
e:\c++test\1.helloworld\helloworld_1\helloworld_1\release\类型转换.obj
e:\c++test\1.helloworld\helloworld_1\helloworld_1\release\类内operator.obj
e:\c++test\1.helloworld\helloworld_1\release\helloworld_1.ipdb
e:\c++test\1.helloworld\helloworld_1\release\helloworld_1.iobj
e:\c++test\1.helloworld\helloworld_1\release\helloworld_1.exe
e:\c++test\1.helloworld\helloworld_1\release\helloworld_1.pdb
e:\c++test\1.helloworld\helloworld_1\helloworld_1\release\helloworld_1.tlog\cl.command.1.tlog
e:\c++test\1.helloworld\helloworld_1\helloworld_1\release\helloworld_1.tlog\cl.read.1.tlog
e:\c++test\1.helloworld\helloworld_1\helloworld_1\release\helloworld_1.tlog\cl.write.1.tlog
e:\c++test\1.helloworld\helloworld_1\helloworld_1\release\helloworld_1.tlog\helloworld_1.write.1u.tlog
e:\c++test\1.helloworld\helloworld_1\helloworld_1\release\helloworld_1.tlog\link.command.1.tlog
e:\c++test\1.helloworld\helloworld_1\helloworld_1\release\helloworld_1.tlog\link.read.1.tlog
e:\c++test\1.helloworld\helloworld_1\helloworld_1\release\helloworld_1.tlog\link.write.1.tlog
